Build started 2019-05-07 9:07:54 PM.
     1>Project "C:\Users\rouzb\Desktop\gripper\VisionBot - Autonomus\program.vcxproj" on node 2 (Rebuild target(s)).
     1>ClCompile:
         C:\Program Files (x86)\Microsoft Visual Studio 12.0\VC\bin\CL.exe /c /Zi /nologo /W3 /WX- /O2 /Oy- /D WIN32 /D _DEBUG /D _CONSOLE /D CONSOLE_IO /D _VC80_UPGRADE=0x0600 /D _MBCS /GF /Gm- /EHsc /MTd /GS /Gy /fp:precise /Zc:wchar_t /Zc:forScope /Fo".\Debug\\" /Fd".\Debug\vc120.pdb" /Gd /TP /analyze- /errorReport:prompt obj.cpp Printer.cpp program.cpp serial_com.cpp timer.cpp vision.cpp
         obj.cpp
     1>obj.cpp(27): warning C4244: 'initializing' : conversion from 'double' to 'float', possible loss of data
     1>obj.cpp(225): warning C4244: '=' : conversion from 'double' to 'int', possible loss of data
     1>obj.cpp(227): warning C4244: '=' : conversion from 'double' to 'int', possible loss of data
     1>obj.cpp(229): warning C4244: '=' : conversion from 'double' to 'int', possible loss of data
     1>obj.cpp(515): warning C4244: '=' : conversion from 'double' to 'int', possible loss of data
     1>obj.cpp(516): warning C4244: '=' : conversion from 'double' to 'int', possible loss of data
     1>obj.cpp(503): warning C4101: 'q' : unreferenced local variable
     1>obj.cpp(503): warning C4101: 'k' : unreferenced local variable
     1>obj.cpp(635): warning C4244: '=' : conversion from 'double' to 'int', possible loss of data
     1>obj.cpp(646): warning C4244: '+=' : conversion from 'double' to 'int', possible loss of data
     1>obj.cpp(647): warning C4244: '+=' : conversion from 'double' to 'int', possible loss of data
     1>obj.cpp(655): warning C4244: '+=' : conversion from 'double' to 'int', possible loss of data
     1>obj.cpp(656): warning C4244: '+=' : conversion from 'double' to 'int', possible loss of data
     1>obj.cpp(664): warning C4244: '+=' : conversion from 'double' to 'int', possible loss of data
     1>obj.cpp(665): warning C4244: '+=' : conversion from 'double' to 'int', possible loss of data
     1>obj.cpp(713): warning C4101: 'i' : unreferenced local variable
     1>obj.cpp(713): warning C4101: 'j' : unreferenced local variable
         Printer.cpp
     1>Printer.cpp(53): warning C4244: '=' : conversion from 'double' to 'int', possible loss of data
     1>Printer.cpp(54): warning C4244: '=' : conversion from 'double' to 'int', possible loss of data
     1>Printer.cpp(55): warning C4244: '=' : conversion from 'double' to 'int', possible loss of data
         program.cpp
     1>program.cpp(126): warning C4996: 'kbhit': The POSIX name for this item is deprecated. Instead, use the ISO C++ conformant name: _kbhit. See online help for details.
                 C:\Program Files (x86)\Microsoft Visual Studio 12.0\VC\include\conio.h(133) : see declaration of 'kbhit'
     1>program.cpp(127): warning C4996: 'getch': The POSIX name for this item is deprecated. Instead, use the ISO C++ conformant name: _getch. See online help for details.
                 C:\Program Files (x86)\Microsoft Visual Studio 12.0\VC\include\conio.h(131) : see declaration of 'getch'
     1>program.cpp(169): warning C4244: 'argument' : conversion from 'double' to 'int', possible loss of data
     1>program.cpp(229): warning C4244: 'argument' : conversion from 'double' to 'int', possible loss of data
     1>program.cpp(269): warning C4244: 'argument' : conversion from 'double' to 'int', possible loss of data
     1>program.cpp(307): warning C4244: 'argument' : conversion from 'double' to 'int', possible loss of data
     1>program.cpp(311): warning C4244: 'argument' : conversion from 'double' to 'int', possible loss of data
     1>program.cpp(340): warning C4244: 'argument' : conversion from 'double' to 'int', possible loss of data
     1>program.cpp(341): warning C4244: 'argument' : conversion from 'double' to 'int', possible loss of data
     1>program.cpp(354): warning C4244: 'argument' : conversion from 'double' to 'int', possible loss of data
     1>program.cpp(363): warning C4996: 'getch': The POSIX name for this item is deprecated. Instead, use the ISO C++ conformant name: _getch. See online help for details.
                 C:\Program Files (x86)\Microsoft Visual Studio 12.0\VC\include\conio.h(131) : see declaration of 'getch'
     1>program.cpp(376): warning C4996: 'getch': The POSIX name for this item is deprecated. Instead, use the ISO C++ conformant name: _getch. See online help for details.
                 C:\Program Files (x86)\Microsoft Visual Studio 12.0\VC\include\conio.h(131) : see declaration of 'getch'
     1>program.cpp(44): warning C4101: 'hist' : unreferenced local variable
     1>program.cpp(44): warning C4101: 'x' : unreferenced local variable
     1>program.cpp(45): warning C4101: 'fp' : unreferenced local variable
     1>program.cpp(44): warning C4101: 'hmin' : unreferenced local variable
     1>program.cpp(44): warning C4101: 'hmax' : unreferenced local variable
     1>program.cpp(43): warning C4101: 'j' : unreferenced local variable
         serial_com.cpp
         timer.cpp
         vision.cpp
         Generating Code...
       Link:
         C:\Program Files (x86)\Microsoft Visual Studio 12.0\VC\bin\link.exe /ERRORREPORT:PROMPT /OUT:".\Debug\program.exe" /INCREMENTAL /NOLOGO image_transfer3.lib odbc32.lib odbccp32.lib winmm.lib wsock32.lib kernel32.lib user32.lib gdi32.lib winspool.lib comdlg32.lib advapi32.lib shell32.lib ole32.lib oleaut32.lib uuid.lib odbc32.lib odbccp32.lib /NODEFAULTLIB:libcmtd /NODEFAULTLIB:libcd /MANIFEST /MANIFESTUAC:"level='asInvoker' uiAccess='false'" /manifest:embed /DEBUG /PDB:".\Debug\program.pdb" /SUBSYSTEM:CONSOLE /TLBID:1 /DYNAMICBASE /NXCOMPAT /IMPLIB:".\Debug\program.lib" /MACHINE:X86 /SAFESEH .\Debug\obj.obj
         .\Debug\Printer.obj
         .\Debug\program.obj
         .\Debug\serial_com.obj
         .\Debug\timer.obj
         .\Debug\vision.obj
         program.vcxproj -> C:\Users\rouzb\Desktop\gripper\VisionBot - Autonomus\.\Debug\program.exe
     1>Done Building Project "C:\Users\rouzb\Desktop\gripper\VisionBot - Autonomus\program.vcxproj" (Rebuild target(s)).

Build succeeded.

Time Elapsed 00:00:06.60
